{
  "RSpec": {
    "coverage": {
      "/Users/JoshuaHolloway/Dev/Bank/spec/account_spec.rb": [
        1,
        null,
        1,
        null,
        9,
        5,
        1,
        5,
        null,
        1,
        1,
        1,
        null,
        null,
        1,
        1,
        null,
        null,
        null,
        null,
        null,
        null,
        null,
        null,
        null,
        1,
        1,
        null,
        null,
        null,
        1,
        1,
        1,
        1,
        null,
        null,
        null,
        1,
        1,
        1,
        1,
        1,
        null,
        null,
        null,
        1,
        1,
        1,
        1,
        1,
        null,
        null,
        null,
        1,
        1,
        1,
        1,
        null,
        null,
        1,
        1,
        1,
        1,
        1,
        null,
        null,
        null,
        null
      ],
      "/Users/JoshuaHolloway/Dev/Bank/lib/account.rb": [
        1,
        1,
        1,
        null,
        1,
        null,
        1,
        1,
        1,
        null,
        1,
        8,
        8,
        8,
        null,
        null,
        1,
        4,
        4,
        null,
        null,
        1,
        3,
        3,
        null,
        null,
        null
      ],
      "/Users/JoshuaHolloway/Dev/Bank/lib/calculator.rb": [
        1,
        null,
        1,
        4,
        null,
        null,
        1,
        3,
        null,
        null,
        null
      ],
      "/Users/JoshuaHolloway/Dev/Bank/lib/printer.rb": [
        1,
        null,
        1,
        4,
        null,
        null,
        1,
        3,
        null,
        null,
        1,
        3,
        10,
        null,
        null,
        null
      ],
      "/Users/JoshuaHolloway/Dev/Bank/spec/calculator_spec.rb": [
        1,
        null,
        null
      ],
      "/Users/JoshuaHolloway/Dev/Bank/spec/printer_spec.rb": [
        1,
        null,
        null,
        null
      ]
    },
    "timestamp": 1522152194
  }
}
